This file contains any messages produced by compilers while
running configure, to aid debugging if configure makes a mistake.

It was created by mystruck configure 0.1, which was
generated by GNU Autoconf 2.69.  Invocation command line was

  $ /home/lzjqsdd/github/MLCode/cv/Tracking/mystruck/configure --enable-maintainer-mode PKG_CONFIG_PATH=:/usr/local/opencv/lib/pkgconfig --no-create --no-recursion

## --------- ##
## Platform. ##
## --------- ##

hostname = lzjqsdd-Inspiron-N5110
uname -m = x86_64
uname -r = 3.13.0-86-generic
uname -s = Linux
uname -v = #131-Ubuntu SMP Thu May 12 23:33:13 UTC 2016

/usr/bin/uname -p = unknown
/bin/uname -X     = unknown

/bin/arch              = unknown
/usr/bin/arch -k       = unknown
/usr/convex/getsysinfo = unknown
/usr/bin/hostinfo      = unknown
/bin/machine           = unknown
/usr/bin/oslevel       = unknown
/bin/universe          = unknown

PATH: /usr/local/texlive/2015/bin/x86_64-linux
PATH: /usr/local/sbin
PATH: /usr/local/bin
PATH: /usr/sbin
PATH: /usr/bin
PATH: /sbin
PATH: /bin
PATH: /usr/games
PATH: /usr/local/games


## ----------- ##
## Core tests. ##
## ----------- ##

configure:2450: checking for a BSD-compatible install
configure:2518: result: /usr/bin/install -c
configure:2529: checking whether build environment is sane
configure:2584: result: yes
configure:2735: checking for a thread-safe mkdir -p
configure:2774: result: /bin/mkdir -p
configure:2781: checking for gawk
configure:2811: result: no
configure:2781: checking for mawk
configure:2797: found /usr/bin/mawk
configure:2808: result: mawk
configure:2819: checking whether make sets $(MAKE)
configure:2841: result: yes
configure:2870: checking whether make supports nested variables
configure:2887: result: yes
configure:3024: checking whether make supports nested variables
configure:3041: result: yes
configure:3111: checking for g++
configure:3127: found /usr/bin/g++
configure:3138: result: g++
configure:3165: checking for C++ compiler version
configure:3174: g++ --version >&5
g++ (Ubuntu 4.8.4-2ubuntu1~14.04.3) 4.8.4
Copyright (C) 2013 Free Software Foundation, Inc.
This is free software; see the source for copying conditions.  There is NO
warranty; not even for MERCHANTABILITY or FITNESS FOR A PARTICULAR PURPOSE.

configure:3185: $? = 0
configure:3174: g++ -v >&5
Using built-in specs.
COLLECT_GCC=g++
COLLECT_LTO_WRAPPER=/usr/lib/gcc/x86_64-linux-gnu/4.8/lto-wrapper
Target: x86_64-linux-gnu
Configured with: ../src/configure -v --with-pkgversion='Ubuntu 4.8.4-2ubuntu1~14.04.3' --with-bugurl=file:///usr/share/doc/gcc-4.8/README.Bugs --enable-languages=c,c++,java,go,d,fortran,objc,obj-c++ --prefix=/usr --program-suffix=-4.8 --enable-shared --enable-linker-build-id --libexecdir=/usr/lib --without-included-gettext --enable-threads=posix --with-gxx-include-dir=/usr/include/c++/4.8 --libdir=/usr/lib --enable-nls --with-sysroot=/ --enable-clocale=gnu --enable-libstdcxx-debug --enable-libstdcxx-time=yes --enable-gnu-unique-object --disable-libmudflap --enable-plugin --with-system-zlib --disable-browser-plugin --enable-java-awt=gtk --enable-gtk-cairo --with-java-home=/usr/lib/jvm/java-1.5.0-gcj-4.8-amd64/jre --enable-java-home --with-jvm-root-dir=/usr/lib/jvm/java-1.5.0-gcj-4.8-amd64 --with-jvm-jar-dir=/usr/lib/jvm-exports/java-1.5.0-gcj-4.8-amd64 --with-arch-directory=amd64 --with-ecj-jar=/usr/share/java/eclipse-ecj.jar --enable-objc-gc --enable-multiarch --disable-werror --with-arch-32=i686 --with-abi=m64 --with-multilib-list=m32,m64,mx32 --with-tune=generic --enable-checking=release --build=x86_64-linux-gnu --host=x86_64-linux-gnu --target=x86_64-linux-gnu
Thread model: posix
gcc version 4.8.4 (Ubuntu 4.8.4-2ubuntu1~14.04.3) 
configure:3185: $? = 0
configure:3174: g++ -V >&5
g++: error: unrecognized command line option '-V'
g++: fatal error: no input files
compilation terminated.
configure:3185: $? = 4
configure:3174: g++ -qversion >&5
g++: error: unrecognized command line option '-qversion'
g++: fatal error: no input files
compilation terminated.
configure:3185: $? = 4
configure:3205: checking whether the C++ compiler works
configure:3227: g++    conftest.cpp  >&5
configure:3231: $? = 0
configure:3279: result: yes
configure:3282: checking for C++ compiler default output file name
configure:3284: result: a.out
configure:3290: checking for suffix of executables
configure:3297: g++ -o conftest    conftest.cpp  >&5
configure:3301: $? = 0
configure:3323: result: 
configure:3345: checking whether we are cross compiling
configure:3353: g++ -o conftest    conftest.cpp  >&5
configure:3357: $? = 0
configure:3364: ./conftest
configure:3368: $? = 0
configure:3383: result: no
configure:3388: checking for suffix of object files
configure:3410: g++ -c   conftest.cpp >&5
configure:3414: $? = 0
configure:3435: result: o
configure:3439: checking whether we are using the GNU C++ compiler
configure:3458: g++ -c   conftest.cpp >&5
configure:3458: $? = 0
configure:3467: result: yes
configure:3476: checking whether g++ accepts -g
configure:3496: g++ -c -g  conftest.cpp >&5
configure:3496: $? = 0
configure:3537: result: yes
configure:3571: checking for style of include used by make
configure:3599: result: GNU
configure:3625: checking dependency style of g++
configure:3736: result: gcc3
configure:3756: checking whether NLS is requested
configure:3765: result: yes
configure:3817: checking for gcc
configure:3833: found /usr/bin/gcc
configure:3844: result: gcc
configure:4073: checking for C compiler version
configure:4082: gcc --version >&5
gcc (Ubuntu 4.8.4-2ubuntu1~14.04.3) 4.8.4
Copyright (C) 2013 Free Software Foundation, Inc.
This is free software; see the source for copying conditions.  There is NO
warranty; not even for MERCHANTABILITY or FITNESS FOR A PARTICULAR PURPOSE.

configure:4093: $? = 0
configure:4082: gcc -v >&5
Using built-in specs.
COLLECT_GCC=gcc
COLLECT_LTO_WRAPPER=/usr/lib/gcc/x86_64-linux-gnu/4.8/lto-wrapper
Target: x86_64-linux-gnu
Configured with: ../src/configure -v --with-pkgversion='Ubuntu 4.8.4-2ubuntu1~14.04.3' --with-bugurl=file:///usr/share/doc/gcc-4.8/README.Bugs --enable-languages=c,c++,java,go,d,fortran,objc,obj-c++ --prefix=/usr --program-suffix=-4.8 --enable-shared --enable-linker-build-id --libexecdir=/usr/lib --without-included-gettext --enable-threads=posix --with-gxx-include-dir=/usr/include/c++/4.8 --libdir=/usr/lib --enable-nls --with-sysroot=/ --enable-clocale=gnu --enable-libstdcxx-debug --enable-libstdcxx-time=yes --enable-gnu-unique-object --disable-libmudflap --enable-plugin --with-system-zlib --disable-browser-plugin --enable-java-awt=gtk --enable-gtk-cairo --with-java-home=/usr/lib/jvm/java-1.5.0-gcj-4.8-amd64/jre --enable-java-home --with-jvm-root-dir=/usr/lib/jvm/java-1.5.0-gcj-4.8-amd64 --with-jvm-jar-dir=/usr/lib/jvm-exports/java-1.5.0-gcj-4.8-amd64 --with-arch-directory=amd64 --with-ecj-jar=/usr/share/java/eclipse-ecj.jar --enable-objc-gc --enable-multiarch --disable-werror --with-arch-32=i686 --with-abi=m64 --with-multilib-list=m32,m64,mx32 --with-tune=generic --enable-checking=release --build=x86_64-linux-gnu --host=x86_64-linux-gnu --target=x86_64-linux-gnu
Thread model: posix
gcc version 4.8.4 (Ubuntu 4.8.4-2ubuntu1~14.04.3) 
configure:4093: $? = 0
configure:4082: gcc -V >&5
gcc: error: unrecognized command line option '-V'
gcc: fatal error: no input files
compilation terminated.
configure:4093: $? = 4
configure:4082: gcc -qversion >&5
gcc: error: unrecognized command line option '-qversion'
gcc: fatal error: no input files
compilation terminated.
configure:4093: $? = 4
configure:4097: checking whether we are using the GNU C compiler
configure:4116: gcc -c   conftest.c >&5
configure:4116: $? = 0
configure:4125: result: yes
configure:4134: checking whether gcc accepts -g
configure:4154: gcc -c -g  conftest.c >&5
configure:4154: $? = 0
configure:4195: result: yes
configure:4212: checking for gcc option to accept ISO C89
configure:4275: gcc  -c -g -O2  conftest.c >&5
configure:4275: $? = 0
configure:4288: result: none needed
configure:4313: checking whether gcc understands -c and -o together
configure:4335: gcc -c conftest.c -o conftest2.o
configure:4338: $? = 0
configure:4335: gcc -c conftest.c -o conftest2.o
configure:4338: $? = 0
configure:4350: result: yes
configure:4369: checking dependency style of gcc
configure:4480: result: gcc3
configure:4510: checking for intltool >= 0.35.0
configure:4512: result: 0.50.2 found
configure:4520: checking for intltool-update
configure:4538: found /usr/bin/intltool-update
configure:4550: result: /usr/bin/intltool-update
configure:4560: checking for intltool-merge
configure:4578: found /usr/bin/intltool-merge
configure:4590: result: /usr/bin/intltool-merge
configure:4600: checking for intltool-extract
configure:4618: found /usr/bin/intltool-extract
configure:4630: result: /usr/bin/intltool-extract
configure:4784: checking for xgettext
configure:4802: found /usr/bin/xgettext
configure:4814: result: /usr/bin/xgettext
configure:4824: checking for msgmerge
configure:4842: found /usr/bin/msgmerge
configure:4854: result: /usr/bin/msgmerge
configure:4864: checking for msgfmt
configure:4882: found /usr/bin/msgfmt
configure:4894: result: /usr/bin/msgfmt
configure:4904: checking for gmsgfmt
configure:4935: result: /usr/bin/msgfmt
configure:4955: checking for perl
configure:4973: found /usr/bin/perl
configure:4985: result: /usr/bin/perl
configure:4996: checking for perl >= 5.8.1
configure:5003: result: 5.18.2
configure:5007: checking for XML::Parser
configure:5010: result: ok
configure:5035: gcc -o conftest -g -O2   conftest.c  >&5
configure:5035: $? = 0
configure:5074: checking how to run the C preprocessor
configure:5105: gcc -E  conftest.c
configure:5105: $? = 0
configure:5119: gcc -E  conftest.c
conftest.c:12:28: fatal error: ac_nonexistent.h: No such file or directory
 #include <ac_nonexistent.h>
                            ^
compilation terminated.
configure:5119: $? = 1
configure: failed program was:
| /* confdefs.h */
| #define PACKAGE_NAME "mystruck"
| #define PACKAGE_TARNAME "mystruck"
| #define PACKAGE_VERSION "0.1"
| #define PACKAGE_STRING "mystruck 0.1"
| #define PACKAGE_BUGREPORT ""
| #define PACKAGE_URL ""
| #define PACKAGE "mystruck"
| #define VERSION "0.1"
| #define GETTEXT_PACKAGE "mystruck"
| /* end confdefs.h.  */
| #include <ac_nonexistent.h>
configure:5144: result: gcc -E
configure:5164: gcc -E  conftest.c
configure:5164: $? = 0
configure:5178: gcc -E  conftest.c
conftest.c:12:28: fatal error: ac_nonexistent.h: No such file or directory
 #include <ac_nonexistent.h>
                            ^
compilation terminated.
configure:5178: $? = 1
configure: failed program was:
| /* confdefs.h */
| #define PACKAGE_NAME "mystruck"
| #define PACKAGE_TARNAME "mystruck"
| #define PACKAGE_VERSION "0.1"
| #define PACKAGE_STRING "mystruck 0.1"
| #define PACKAGE_BUGREPORT ""
| #define PACKAGE_URL ""
| #define PACKAGE "mystruck"
| #define VERSION "0.1"
| #define GETTEXT_PACKAGE "mystruck"
| /* end confdefs.h.  */
| #include <ac_nonexistent.h>
configure:5207: checking for grep that handles long lines and -e
configure:5265: result: /bin/grep
configure:5270: checking for egrep
configure:5332: result: /bin/grep -E
configure:5337: checking for ANSI C header files
configure:5357: gcc -c -g -O2  conftest.c >&5
configure:5357: $? = 0
configure:5430: gcc -o conftest -g -O2   conftest.c  >&5
configure:5430: $? = 0
configure:5430: ./conftest
configure:5430: $? = 0
configure:5441: result: yes
configure:5454: checking for sys/types.h
configure:5454: gcc -c -g -O2  conftest.c >&5
configure:5454: $? = 0
configure:5454: result: yes
configure:5454: checking for sys/stat.h
configure:5454: gcc -c -g -O2  conftest.c >&5
configure:5454: $? = 0
configure:5454: result: yes
configure:5454: checking for stdlib.h
configure:5454: gcc -c -g -O2  conftest.c >&5
configure:5454: $? = 0
configure:5454: result: yes
configure:5454: checking for string.h
configure:5454: gcc -c -g -O2  conftest.c >&5
configure:5454: $? = 0
configure:5454: result: yes
configure:5454: checking for memory.h
configure:5454: gcc -c -g -O2  conftest.c >&5
configure:5454: $? = 0
configure:5454: result: yes
configure:5454: checking for strings.h
configure:5454: gcc -c -g -O2  conftest.c >&5
configure:5454: $? = 0
configure:5454: result: yes
configure:5454: checking for inttypes.h
configure:5454: gcc -c -g -O2  conftest.c >&5
configure:5454: $? = 0
configure:5454: result: yes
configure:5454: checking for stdint.h
configure:5454: gcc -c -g -O2  conftest.c >&5
configure:5454: $? = 0
configure:5454: result: yes
configure:5454: checking for unistd.h
configure:5454: gcc -c -g -O2  conftest.c >&5
configure:5454: $? = 0
configure:5454: result: yes
configure:5469: checking locale.h usability
configure:5469: gcc -c -g -O2  conftest.c >&5
configure:5469: $? = 0
configure:5469: result: yes
configure:5469: checking locale.h presence
configure:5469: gcc -E  conftest.c
configure:5469: $? = 0
configure:5469: result: yes
configure:5469: checking for locale.h
configure:5469: result: yes
configure:5480: checking for LC_MESSAGES
configure:5496: gcc -o conftest -g -O2   conftest.c  >&5
configure:5496: $? = 0
configure:5504: result: yes
configure:5521: checking libintl.h usability
configure:5521: gcc -c -g -O2  conftest.c >&5
configure:5521: $? = 0
configure:5521: result: yes
configure:5521: checking libintl.h presence
configure:5521: gcc -E  conftest.c
configure:5521: $? = 0
configure:5521: result: yes
configure:5521: checking for libintl.h
configure:5521: result: yes
configure:5529: checking for ngettext in libc
configure:5547: gcc -o conftest -g -O2   conftest.c  >&5
configure:5547: $? = 0
configure:5556: result: yes
configure:5560: checking for dgettext in libc
configure:5578: gcc -o conftest -g -O2   conftest.c  >&5
configure:5578: $? = 0
configure:5587: result: yes
configure:5594: checking for bind_textdomain_codeset
configure:5594: gcc -o conftest -g -O2   conftest.c  >&5
configure:5594: $? = 0
configure:5594: result: yes
configure:5870: checking for msgfmt
configure:5897: result: /usr/bin/msgfmt
configure:5908: checking for dcgettext
configure:5908: gcc -o conftest -g -O2   conftest.c   >&5
conftest.c:49:6: warning: conflicting types for built-in function 'dcgettext' [enabled by default]
 char dcgettext ();
      ^
configure:5908: $? = 0
configure:5908: result: yes
configure:5918: checking if msgfmt accepts -c
configure:5933: $MSGFMT -c -o /dev/null conftest.foo
conftest.foo:3: warning: header field 'Language' missing in header
configure:5936: $? = 0
configure:5938: result: yes
configure:5948: checking for gmsgfmt
configure:5979: result: /usr/bin/msgfmt
configure:5989: checking for xgettext
configure:6016: result: /usr/bin/xgettext
configure:6035: gcc -o conftest -g -O2   conftest.c   >&5
configure:6035: $? = 0
configure:6208: checking build system type
configure:6222: result: x86_64-unknown-linux-gnu
configure:6242: checking host system type
configure:6255: result: x86_64-unknown-linux-gnu
configure:6296: checking how to print strings
configure:6323: result: printf
configure:6344: checking for a sed that does not truncate output
configure:6408: result: /bin/sed
configure:6426: checking for fgrep
configure:6488: result: /bin/grep -F
configure:6523: checking for ld used by gcc
configure:6590: result: /usr/bin/ld
configure:6597: checking if the linker (/usr/bin/ld) is GNU ld
configure:6612: result: yes
configure:6624: checking for BSD- or MS-compatible name lister (nm)
configure:6673: result: /usr/bin/nm -B
configure:6803: checking the name lister (/usr/bin/nm -B) interface
configure:6810: gcc -c -g -O2  conftest.c >&5
configure:6813: /usr/bin/nm -B "conftest.o"
configure:6816: output
0000000000000000 B some_variable
configure:6823: result: BSD nm
configure:6826: checking whether ln -s works
configure:6830: result: yes
configure:6838: checking the maximum length of command line arguments
configure:6969: result: 3458764513820540925
configure:6986: checking whether the shell understands some XSI constructs
configure:6996: result: yes
configure:7000: checking whether the shell understands "+="
configure:7006: result: yes
configure:7041: checking how to convert x86_64-unknown-linux-gnu file names to x86_64-unknown-linux-gnu format
configure:7081: result: func_convert_file_noop
configure:7088: checking how to convert x86_64-unknown-linux-gnu file names to toolchain format
configure:7108: result: func_convert_file_noop
configure:7115: checking for /usr/bin/ld option to reload object files
configure:7122: result: -r
configure:7196: checking for objdump
configure:7212: found /usr/bin/objdump
configure:7223: result: objdump
configure:7255: checking how to recognize dependent libraries
configure:7453: result: pass_all
configure:7538: checking for dlltool
configure:7568: result: no
configure:7598: checking how to associate runtime and link libraries
configure:7625: result: printf %s\n
configure:7685: checking for ar
configure:7701: found /usr/bin/ar
configure:7712: result: ar
configure:7749: checking for archiver @FILE support
configure:7766: gcc -c -g -O2  conftest.c >&5
configure:7766: $? = 0
configure:7769: ar cru libconftest.a @conftest.lst >&5
configure:7772: $? = 0
configure:7777: ar cru libconftest.a @conftest.lst >&5
ar: conftest.o: No such file or directory
configure:7780: $? = 1
configure:7792: result: @
configure:7850: checking for strip
configure:7866: found /usr/bin/strip
configure:7877: result: strip
configure:7949: checking for ranlib
configure:7965: found /usr/bin/ranlib
configure:7976: result: ranlib
configure:8078: checking command to parse /usr/bin/nm -B output from gcc object
configure:8198: gcc -c -g -O2  conftest.c >&5
configure:8201: $? = 0
configure:8205: /usr/bin/nm -B conftest.o \| sed -n -e 's/^.*[ ]\([ABCDGIRSTW][ABCDGIRSTW]*\)[ ][ ]*\([_A-Za-z][_A-Za-z0-9]*\)$/\1 \2 \2/p' | sed '/ __gnu_lto/d' \> conftest.nm
configure:8208: $? = 0
configure:8274: gcc -o conftest -g -O2   conftest.c conftstm.o >&5
configure:8277: $? = 0
configure:8315: result: ok
configure:8352: checking for sysroot
configure:8382: result: no
configure:8459: gcc -c -g -O2  conftest.c >&5
configure:8462: $? = 0
configure:8651: checking for mt
configure:8667: found /bin/mt
configure:8678: result: mt
configure:8701: checking if mt is a manifest tool
configure:8707: mt '-?'
configure:8715: result: no
configure:9354: checking for dlfcn.h
configure:9354: gcc -c -g -O2  conftest.c >&5
configure:9354: $? = 0
configure:9354: result: yes
configure:9571: checking for objdir
configure:9586: result: .libs
configure:9853: checking if gcc supports -fno-rtti -fno-exceptions
configure:9871: gcc -c -g -O2  -fno-rtti -fno-exceptions conftest.c >&5
cc1: warning: command line option '-fno-rtti' is valid for C++/ObjC++ but not for C [enabled by default]
configure:9875: $? = 0
configure:9888: result: no
configure:10215: checking for gcc option to produce PIC
configure:10222: result: -fPIC -DPIC
configure:10230: checking if gcc PIC flag -fPIC -DPIC works
configure:10248: gcc -c -g -O2  -fPIC -DPIC -DPIC conftest.c >&5
configure:10252: $? = 0
configure:10265: result: yes
configure:10294: checking if gcc static flag -static works
configure:10322: result: yes
configure:10337: checking if gcc supports -c -o file.o
configure:10358: gcc -c -g -O2  -o out/conftest2.o conftest.c >&5
configure:10362: $? = 0
configure:10384: result: yes
configure:10392: checking if gcc supports -c -o file.o
configure:10439: result: yes
configure:10472: checking whether the gcc linker (/usr/bin/ld -m elf_x86_64) supports shared libraries
configure:11629: result: yes
configure:11666: checking whether -lc should be explicitly linked in
configure:11674: gcc -c -g -O2  conftest.c >&5
configure:11677: $? = 0
configure:11692: gcc -shared  -fPIC -DPIC conftest.o  -v -Wl,-soname -Wl,conftest -o conftest 2\>\&1 \| /bin/grep  -lc  \>/dev/null 2\>\&1
configure:11695: $? = 0
configure:11709: result: no
configure:11869: checking dynamic linker characteristics
configure:12369: gcc -o conftest -g -O2   -Wl,-rpath -Wl,/foo conftest.c  >&5
configure:12369: $? = 0
configure:12603: result: GNU/Linux ld.so
configure:12710: checking how to hardcode library paths into programs
configure:12735: result: immediate
configure:13275: checking whether stripping libraries is possible
configure:13280: result: yes
configure:13315: checking if libtool supports shared libraries
configure:13317: result: yes
configure:13320: checking whether to build shared libraries
configure:13341: result: yes
configure:13344: checking whether to build static libraries
configure:13348: result: yes
configure:13371: checking how to run the C++ preprocessor
configure:13398: g++ -E  conftest.cpp
configure:13398: $? = 0
configure:13412: g++ -E  conftest.cpp
conftest.cpp:30:28: fatal error: ac_nonexistent.h: No such file or directory
 #include <ac_nonexistent.h>
                            ^
compilation terminated.
configure:13412: $? = 1
configure: failed program was:
| /* confdefs.h */
| #define PACKAGE_NAME "mystruck"
| #define PACKAGE_TARNAME "mystruck"
| #define PACKAGE_VERSION "0.1"
| #define PACKAGE_STRING "mystruck 0.1"
| #define PACKAGE_BUGREPORT ""
| #define PACKAGE_URL ""
| #define PACKAGE "mystruck"
| #define VERSION "0.1"
| #define GETTEXT_PACKAGE "mystruck"
| #define STDC_HEADERS 1
| #define HAVE_SYS_TYPES_H 1
| #define HAVE_SYS_STAT_H 1
| #define HAVE_STDLIB_H 1
| #define HAVE_STRING_H 1
| #define HAVE_MEMORY_H 1
| #define HAVE_STRINGS_H 1
| #define HAVE_INTTYPES_H 1
| #define HAVE_STDINT_H 1
| #define HAVE_UNISTD_H 1
| #define HAVE_LOCALE_H 1
| #define HAVE_LC_MESSAGES 1
| #define HAVE_BIND_TEXTDOMAIN_CODESET 1
| #define HAVE_GETTEXT 1
| #define HAVE_DCGETTEXT 1
| #define ENABLE_NLS 1
| #define HAVE_DLFCN_H 1
| #define LT_OBJDIR ".libs/"
| /* end confdefs.h.  */
| #include <ac_nonexistent.h>
configure:13437: result: g++ -E
configure:13457: g++ -E  conftest.cpp
configure:13457: $? = 0
configure:13471: g++ -E  conftest.cpp
conftest.cpp:30:28: fatal error: ac_nonexistent.h: No such file or directory
 #include <ac_nonexistent.h>
                            ^
compilation terminated.
configure:13471: $? = 1
configure: failed program was:
| /* confdefs.h */
| #define PACKAGE_NAME "mystruck"
| #define PACKAGE_TARNAME "mystruck"
| #define PACKAGE_VERSION "0.1"
| #define PACKAGE_STRING "mystruck 0.1"
| #define PACKAGE_BUGREPORT ""
| #define PACKAGE_URL ""
| #define PACKAGE "mystruck"
| #define VERSION "0.1"
| #define GETTEXT_PACKAGE "mystruck"
| #define STDC_HEADERS 1
| #define HAVE_SYS_TYPES_H 1
| #define HAVE_SYS_STAT_H 1
| #define HAVE_STDLIB_H 1
| #define HAVE_STRING_H 1
| #define HAVE_MEMORY_H 1
| #define HAVE_STRINGS_H 1
| #define HAVE_INTTYPES_H 1
| #define HAVE_STDINT_H 1
| #define HAVE_UNISTD_H 1
| #define HAVE_LOCALE_H 1
| #define HAVE_LC_MESSAGES 1
| #define HAVE_BIND_TEXTDOMAIN_CODESET 1
| #define HAVE_GETTEXT 1
| #define HAVE_DCGETTEXT 1
| #define ENABLE_NLS 1
| #define HAVE_DLFCN_H 1
| #define LT_OBJDIR ".libs/"
| /* end confdefs.h.  */
| #include <ac_nonexistent.h>
configure:13640: checking for ld used by g++
configure:13707: result: /usr/bin/ld -m elf_x86_64
configure:13714: checking if the linker (/usr/bin/ld -m elf_x86_64) is GNU ld
configure:13729: result: yes
configure:13784: checking whether the g++ linker (/usr/bin/ld -m elf_x86_64) supports shared libraries
configure:14786: result: yes
configure:14822: g++ -c -g -O2  conftest.cpp >&5
configure:14825: $? = 0
configure:15345: checking for g++ option to produce PIC
configure:15352: result: -fPIC -DPIC
configure:15360: checking if g++ PIC flag -fPIC -DPIC works
configure:15378: g++ -c -g -O2  -fPIC -DPIC -DPIC conftest.cpp >&5
configure:15382: $? = 0
configure:15395: result: yes
configure:15418: checking if g++ static flag -static works
configure:15446: result: yes
configure:15458: checking if g++ supports -c -o file.o
configure:15479: g++ -c -g -O2  -o out/conftest2.o conftest.cpp >&5
configure:15483: $? = 0
configure:15505: result: yes
configure:15510: checking if g++ supports -c -o file.o
configure:15557: result: yes
configure:15587: checking whether the g++ linker (/usr/bin/ld -m elf_x86_64) supports shared libraries
configure:15626: result: yes
configure:15767: checking dynamic linker characteristics
configure:16435: result: GNU/Linux ld.so
configure:16488: checking how to hardcode library paths into programs
configure:16513: result: immediate
configure:16630: checking for pkg-config
configure:16648: found /usr/bin/pkg-config
configure:16660: result: /usr/bin/pkg-config
configure:16685: checking pkg-config is at least version 0.9.0
configure:16688: result: yes
configure:16698: checking for MYSTRUCK
configure:16705: $PKG_CONFIG --exists --print-errors "opencv "
configure:16708: $? = 0
configure:16722: $PKG_CONFIG --exists --print-errors "opencv "
configure:16725: $? = 0
configure:16783: result: yes
configure:16902: checking that generated files are newer than configure
configure:16908: result: done
configure:16939: creating ./config.status
configure:19453: WARNING: unrecognized options: --enable-maintainer-mode

## ---------------- ##
## Cache variables. ##
## ---------------- ##

ac_cv_build=x86_64-unknown-linux-gnu
ac_cv_c_compiler_gnu=yes
ac_cv_cxx_compiler_gnu=yes
ac_cv_env_CCC_set=
ac_cv_env_CCC_value=
ac_cv_env_CC_set=
ac_cv_env_CC_value=
ac_cv_env_CFLAGS_set=
ac_cv_env_CFLAGS_value=
ac_cv_env_CPPFLAGS_set=
ac_cv_env_CPPFLAGS_value=
ac_cv_env_CPP_set=
ac_cv_env_CPP_value=
ac_cv_env_CXXCPP_set=
ac_cv_env_CXXCPP_value=
ac_cv_env_CXXFLAGS_set=
ac_cv_env_CXXFLAGS_value=
ac_cv_env_CXX_set=
ac_cv_env_CXX_value=
ac_cv_env_LDFLAGS_set=
ac_cv_env_LDFLAGS_value=
ac_cv_env_LIBS_set=
ac_cv_env_LIBS_value=
ac_cv_env_MYSTRUCK_CFLAGS_set=
ac_cv_env_MYSTRUCK_CFLAGS_value=
ac_cv_env_MYSTRUCK_LIBS_set=
ac_cv_env_MYSTRUCK_LIBS_value=
ac_cv_env_PKG_CONFIG_LIBDIR_set=
ac_cv_env_PKG_CONFIG_LIBDIR_value=
ac_cv_env_PKG_CONFIG_PATH_set=set
ac_cv_env_PKG_CONFIG_PATH_value=:/usr/local/opencv/lib/pkgconfig
ac_cv_env_PKG_CONFIG_set=
ac_cv_env_PKG_CONFIG_value=
ac_cv_env_build_alias_set=
ac_cv_env_build_alias_value=
ac_cv_env_host_alias_set=
ac_cv_env_host_alias_value=
ac_cv_env_target_alias_set=
ac_cv_env_target_alias_value=
ac_cv_func_bind_textdomain_codeset=yes
ac_cv_func_dcgettext=yes
ac_cv_header_dlfcn_h=yes
ac_cv_header_inttypes_h=yes
ac_cv_header_libintl_h=yes
ac_cv_header_locale_h=yes
ac_cv_header_memory_h=yes
ac_cv_header_stdc=yes
ac_cv_header_stdint_h=yes
ac_cv_header_stdlib_h=yes
ac_cv_header_string_h=yes
ac_cv_header_strings_h=yes
ac_cv_header_sys_stat_h=yes
ac_cv_header_sys_types_h=yes
ac_cv_header_unistd_h=yes
ac_cv_host=x86_64-unknown-linux-gnu
ac_cv_objext=o
ac_cv_path_EGREP='/bin/grep -E'
ac_cv_path_FGREP='/bin/grep -F'
ac_cv_path_GMSGFMT=/usr/bin/msgfmt
ac_cv_path_GREP=/bin/grep
ac_cv_path_INTLTOOL_EXTRACT=/usr/bin/intltool-extract
ac_cv_path_INTLTOOL_MERGE=/usr/bin/intltool-merge
ac_cv_path_INTLTOOL_PERL=/usr/bin/perl
ac_cv_path_INTLTOOL_UPDATE=/usr/bin/intltool-update
ac_cv_path_MSGFMT=/usr/bin/msgfmt
ac_cv_path_MSGMERGE=/usr/bin/msgmerge
ac_cv_path_SED=/bin/sed
ac_cv_path_XGETTEXT=/usr/bin/xgettext
ac_cv_path_ac_pt_PKG_CONFIG=/usr/bin/pkg-config
ac_cv_path_install='/usr/bin/install -c'
ac_cv_path_mkdir=/bin/mkdir
ac_cv_prog_AWK=mawk
ac_cv_prog_CPP='gcc -E'
ac_cv_prog_CXXCPP='g++ -E'
ac_cv_prog_ac_ct_AR=ar
ac_cv_prog_ac_ct_CC=gcc
ac_cv_prog_ac_ct_CXX=g++
ac_cv_prog_ac_ct_MANIFEST_TOOL=mt
ac_cv_prog_ac_ct_OBJDUMP=objdump
ac_cv_prog_ac_ct_RANLIB=ranlib
ac_cv_prog_ac_ct_STRIP=strip
ac_cv_prog_cc_c89=
ac_cv_prog_cc_g=yes
ac_cv_prog_cxx_g=yes
ac_cv_prog_make_make_set=yes
am_cv_CC_dependencies_compiler_type=gcc3
am_cv_CXX_dependencies_compiler_type=gcc3
am_cv_make_support_nested_variables=yes
am_cv_prog_cc_c_o=yes
am_cv_val_LC_MESSAGES=yes
gt_cv_func_dgettext_libc=yes
gt_cv_func_dgettext_libintl=no
gt_cv_func_ngettext_libc=yes
gt_cv_have_gettext=yes
lt_cv_ar_at_file=@
lt_cv_archive_cmds_need_lc=no
lt_cv_deplibs_check_method=pass_all
lt_cv_file_magic_cmd='$MAGIC_CMD'
lt_cv_file_magic_test_file=
lt_cv_ld_reload_flag=-r
lt_cv_nm_interface='BSD nm'
lt_cv_objdir=.libs
lt_cv_path_LD=/usr/bin/ld
lt_cv_path_LDCXX='/usr/bin/ld -m elf_x86_64'
lt_cv_path_NM='/usr/bin/nm -B'
lt_cv_path_mainfest_tool=no
lt_cv_prog_compiler_c_o=yes
lt_cv_prog_compiler_c_o_CXX=yes
lt_cv_prog_compiler_pic='-fPIC -DPIC'
lt_cv_prog_compiler_pic_CXX='-fPIC -DPIC'
lt_cv_prog_compiler_pic_works=yes
lt_cv_prog_compiler_pic_works_CXX=yes
lt_cv_prog_compiler_rtti_exceptions=no
lt_cv_prog_compiler_static_works=yes
lt_cv_prog_compiler_static_works_CXX=yes
lt_cv_prog_gnu_ld=yes
lt_cv_prog_gnu_ldcxx=yes
lt_cv_sharedlib_from_linklib_cmd='printf %s\n'
lt_cv_shlibpath_overrides_runpath=no
lt_cv_sys_global_symbol_pipe='sed -n -e '\''s/^.*[	 ]\([ABCDGIRSTW][ABCDGIRSTW]*\)[	 ][	 ]*\([_A-Za-z][_A-Za-z0-9]*\)$/\1 \2 \2/p'\'' | sed '\''/ __gnu_lto/d'\'''
lt_cv_sys_global_symbol_to_c_name_address='sed -n -e '\''s/^: \([^ ]*\)[ ]*$/  {\"\1\", (void *) 0},/p'\'' -e '\''s/^[ABCDGIRSTW]* \([^ ]*\) \([^ ]*\)$/  {"\2", (void *) \&\2},/p'\'''
lt_cv_sys_global_symbol_to_c_name_address_lib_prefix='sed -n -e '\''s/^: \([^ ]*\)[ ]*$/  {\"\1\", (void *) 0},/p'\'' -e '\''s/^[ABCDGIRSTW]* \([^ ]*\) \(lib[^ ]*\)$/  {"\2", (void *) \&\2},/p'\'' -e '\''s/^[ABCDGIRSTW]* \([^ ]*\) \([^ ]*\)$/  {"lib\2", (void *) \&\2},/p'\'''
lt_cv_sys_global_symbol_to_cdecl='sed -n -e '\''s/^T .* \(.*\)$/extern int \1();/p'\'' -e '\''s/^[ABCDGIRSTW]* .* \(.*\)$/extern char \1;/p'\'''
lt_cv_sys_max_cmd_len=3458764513820540925
lt_cv_to_host_file_cmd=func_convert_file_noop
lt_cv_to_tool_file_cmd=func_convert_file_noop
pkg_cv_MYSTRUCK_CFLAGS='-I/usr/local/opencv/include/opencv -I/usr/local/opencv/include  '
pkg_cv_MYSTRUCK_LIBS='-L/usr/local/opencv/lib -lopencv_calib3d -lopencv_contrib -lopencv_core -lopencv_features2d -lopencv_flann -lopencv_gpu -lopencv_highgui -lopencv_imgproc -lopencv_legacy -lopencv_ml -lopencv_nonfree -lopencv_objdetect -lopencv_ocl -lopencv_photo -lopencv_stitching -lopencv_superres -lopencv_ts -lopencv_video -lopencv_videostab -lrt -lpthread -lm -ldl  '

## ----------------- ##
## Output variables. ##
## ----------------- ##

ACLOCAL='${SHELL} /home/lzjqsdd/github/MLCode/cv/Tracking/mystruck/missing aclocal-1.14'
ALL_LINGUAS=''
AMDEPBACKSLASH='\'
AMDEP_FALSE='#'
AMDEP_TRUE=''
AMTAR='$${TAR-tar}'
AM_BACKSLASH='\'
AM_DEFAULT_V='$(AM_DEFAULT_VERBOSITY)'
AM_DEFAULT_VERBOSITY='0'
AM_V='$(V)'
AR='ar'
AUTOCONF='${SHELL} /home/lzjqsdd/github/MLCode/cv/Tracking/mystruck/missing autoconf'
AUTOHEADER='${SHELL} /home/lzjqsdd/github/MLCode/cv/Tracking/mystruck/missing autoheader'
AUTOMAKE='${SHELL} /home/lzjqsdd/github/MLCode/cv/Tracking/mystruck/missing automake-1.14'
AWK='mawk'
CATALOGS=''
CATOBJEXT='.gmo'
CC='gcc'
CCDEPMODE='depmode=gcc3'
CFLAGS='-g -O2'
CPP='gcc -E'
CPPFLAGS=''
CXX='g++'
CXXCPP='g++ -E'
CXXDEPMODE='depmode=gcc3'
CXXFLAGS='-g -O2'
CYGPATH_W='echo'
DATADIRNAME='share'
DEFS='-DHAVE_CONFIG_H'
DEPDIR='.deps'
DLLTOOL='false'
DSYMUTIL=''
DUMPBIN=''
ECHO_C=''
ECHO_N='-n'
ECHO_T=''
EGREP='/bin/grep -E'
EXEEXT=''
FGREP='/bin/grep -F'
GETTEXT_PACKAGE='mystruck'
GMOFILES=''
GMSGFMT='/usr/bin/msgfmt'
GREP='/bin/grep'
INSTALL_DATA='${INSTALL} -m 644'
INSTALL_PROGRAM='${INSTALL}'
INSTALL_SCRIPT='${INSTALL}'
INSTALL_STRIP_PROGRAM='$(install_sh) -c -s'
INSTOBJEXT='.mo'
INTLLIBS=''
INTLTOOL_CAVES_RULE='%.caves:     %.caves.in     $(INTLTOOL_MERGE) $(wildcard $(top_srcdir)/po/*.po) ; $(INTLTOOL_V_MERGE)LC_ALL=C $(INTLTOOL_MERGE) $(INTLTOOL_V_MERGE_OPTIONS) -d -u -c $(top_builddir)/po/.intltool-merge-cache $(top_srcdir)/po $< $@'
INTLTOOL_DESKTOP_RULE='%.desktop:   %.desktop.in   $(INTLTOOL_MERGE) $(wildcard $(top_srcdir)/po/*.po) ; $(INTLTOOL_V_MERGE)LC_ALL=C $(INTLTOOL_MERGE) $(INTLTOOL_V_MERGE_OPTIONS) -d -u -c $(top_builddir)/po/.intltool-merge-cache $(top_srcdir)/po $< $@'
INTLTOOL_DIRECTORY_RULE='%.directory: %.directory.in $(INTLTOOL_MERGE) $(wildcard $(top_srcdir)/po/*.po) ; $(INTLTOOL_V_MERGE)LC_ALL=C $(INTLTOOL_MERGE) $(INTLTOOL_V_MERGE_OPTIONS) -d -u -c $(top_builddir)/po/.intltool-merge-cache $(top_srcdir)/po $< $@'
INTLTOOL_EXTRACT='/usr/bin/intltool-extract'
INTLTOOL_KBD_RULE='%.kbd:       %.kbd.in       $(INTLTOOL_MERGE) $(wildcard $(top_srcdir)/po/*.po) ; $(INTLTOOL_V_MERGE)LC_ALL=C $(INTLTOOL_MERGE) $(INTLTOOL_V_MERGE_OPTIONS) -x -u -m -c $(top_builddir)/po/.intltool-merge-cache $(top_srcdir)/po $< $@'
INTLTOOL_KEYS_RULE='%.keys:      %.keys.in      $(INTLTOOL_MERGE) $(wildcard $(top_srcdir)/po/*.po) ; $(INTLTOOL_V_MERGE)LC_ALL=C $(INTLTOOL_MERGE) $(INTLTOOL_V_MERGE_OPTIONS) -k -u -c $(top_builddir)/po/.intltool-merge-cache $(top_srcdir)/po $< $@'
INTLTOOL_MERGE='/usr/bin/intltool-merge'
INTLTOOL_OAF_RULE='%.oaf:       %.oaf.in       $(INTLTOOL_MERGE) $(wildcard $(top_srcdir)/po/*.po) ; $(INTLTOOL_V_MERGE)LC_ALL=C $(INTLTOOL_MERGE) $(INTLTOOL_V_MERGE_OPTIONS) -o -p $(top_srcdir)/po $< $@'
INTLTOOL_PERL='/usr/bin/perl'
INTLTOOL_POLICY_RULE='%.policy:    %.policy.in    $(INTLTOOL_MERGE) $(wildcard $(top_srcdir)/po/*.po) ; $(INTLTOOL_V_MERGE)LC_ALL=C $(INTLTOOL_MERGE) $(INTLTOOL_V_MERGE_OPTIONS) -x -u -c $(top_builddir)/po/.intltool-merge-cache $(top_srcdir)/po $< $@'
INTLTOOL_PONG_RULE='%.pong:      %.pong.in      $(INTLTOOL_MERGE) $(wildcard $(top_srcdir)/po/*.po) ; $(INTLTOOL_V_MERGE)LC_ALL=C $(INTLTOOL_MERGE) $(INTLTOOL_V_MERGE_OPTIONS) -x -u -c $(top_builddir)/po/.intltool-merge-cache $(top_srcdir)/po $< $@'
INTLTOOL_PROP_RULE='%.prop:      %.prop.in      $(INTLTOOL_MERGE) $(wildcard $(top_srcdir)/po/*.po) ; $(INTLTOOL_V_MERGE)LC_ALL=C $(INTLTOOL_MERGE) $(INTLTOOL_V_MERGE_OPTIONS) -d -u -c $(top_builddir)/po/.intltool-merge-cache $(top_srcdir)/po $< $@'
INTLTOOL_SCHEMAS_RULE='%.schemas:   %.schemas.in   $(INTLTOOL_MERGE) $(wildcard $(top_srcdir)/po/*.po) ; $(INTLTOOL_V_MERGE)LC_ALL=C $(INTLTOOL_MERGE) $(INTLTOOL_V_MERGE_OPTIONS) -s -u -c $(top_builddir)/po/.intltool-merge-cache $(top_srcdir)/po $< $@'
INTLTOOL_SERVER_RULE='%.server:    %.server.in    $(INTLTOOL_MERGE) $(wildcard $(top_srcdir)/po/*.po) ; $(INTLTOOL_V_MERGE)LC_ALL=C $(INTLTOOL_MERGE) $(INTLTOOL_V_MERGE_OPTIONS) -o -u -c $(top_builddir)/po/.intltool-merge-cache $(top_srcdir)/po $< $@'
INTLTOOL_SERVICE_RULE='%.service: %.service.in   $(INTLTOOL_MERGE) $(wildcard $(top_srcdir)/po/*.po) ; $(INTLTOOL_V_MERGE)LC_ALL=C $(INTLTOOL_MERGE) $(INTLTOOL_V_MERGE_OPTIONS) -d -u -c $(top_builddir)/po/.intltool-merge-cache $(top_srcdir)/po $< $@'
INTLTOOL_SHEET_RULE='%.sheet:     %.sheet.in     $(INTLTOOL_MERGE) $(wildcard $(top_srcdir)/po/*.po) ; $(INTLTOOL_V_MERGE)LC_ALL=C $(INTLTOOL_MERGE) $(INTLTOOL_V_MERGE_OPTIONS) -x -u -c $(top_builddir)/po/.intltool-merge-cache $(top_srcdir)/po $< $@'
INTLTOOL_SOUNDLIST_RULE='%.soundlist: %.soundlist.in $(INTLTOOL_MERGE) $(wildcard $(top_srcdir)/po/*.po) ; $(INTLTOOL_V_MERGE)LC_ALL=C $(INTLTOOL_MERGE) $(INTLTOOL_V_MERGE_OPTIONS) -d -u -c $(top_builddir)/po/.intltool-merge-cache $(top_srcdir)/po $< $@'
INTLTOOL_THEME_RULE='%.theme:     %.theme.in     $(INTLTOOL_MERGE) $(wildcard $(top_srcdir)/po/*.po) ; $(INTLTOOL_V_MERGE)LC_ALL=C $(INTLTOOL_MERGE) $(INTLTOOL_V_MERGE_OPTIONS) -d -u -c $(top_builddir)/po/.intltool-merge-cache $(top_srcdir)/po $< $@'
INTLTOOL_UI_RULE='%.ui:        %.ui.in        $(INTLTOOL_MERGE) $(wildcard $(top_srcdir)/po/*.po) ; $(INTLTOOL_V_MERGE)LC_ALL=C $(INTLTOOL_MERGE) $(INTLTOOL_V_MERGE_OPTIONS) -x -u -c $(top_builddir)/po/.intltool-merge-cache $(top_srcdir)/po $< $@'
INTLTOOL_UPDATE='/usr/bin/intltool-update'
INTLTOOL_V_MERGE='$(INTLTOOL__v_MERGE_$(V))'
INTLTOOL_V_MERGE_OPTIONS='$(intltool__v_merge_options_$(V))'
INTLTOOL_XAM_RULE='%.xam:       %.xml.in       $(INTLTOOL_MERGE) $(wildcard $(top_srcdir)/po/*.po) ; $(INTLTOOL_V_MERGE)LC_ALL=C $(INTLTOOL_MERGE) $(INTLTOOL_V_MERGE_OPTIONS) -x -u -c $(top_builddir)/po/.intltool-merge-cache $(top_srcdir)/po $< $@'
INTLTOOL_XML_NOMERGE_RULE='%.xml:       %.xml.in       $(INTLTOOL_MERGE) ; $(INTLTOOL_V_MERGE)LC_ALL=C $(INTLTOOL_MERGE) $(INTLTOOL_V_MERGE_OPTIONS) -x -u --no-translations $< $@'
INTLTOOL_XML_RULE='%.xml:       %.xml.in       $(INTLTOOL_MERGE) $(wildcard $(top_srcdir)/po/*.po) ; $(INTLTOOL_V_MERGE)LC_ALL=C $(INTLTOOL_MERGE) $(INTLTOOL_V_MERGE_OPTIONS) -x -u -c $(top_builddir)/po/.intltool-merge-cache $(top_srcdir)/po $< $@'
INTLTOOL__v_MERGE_0='@echo "  ITMRG " $@;'
INTLTOOL__v_MERGE_='$(INTLTOOL__v_MERGE_$(AM_DEFAULT_VERBOSITY))'
LD='/usr/bin/ld -m elf_x86_64'
LDFLAGS=''
LIBOBJS=''
LIBS=''
LIBTOOL='$(SHELL) $(top_builddir)/libtool'
LIPO=''
LN_S='ln -s'
LTLIBOBJS=''
MAKEINFO='${SHELL} /home/lzjqsdd/github/MLCode/cv/Tracking/mystruck/missing makeinfo'
MANIFEST_TOOL=':'
MKDIR_P='/bin/mkdir -p'
MKINSTALLDIRS='./mkinstalldirs'
MSGFMT='/usr/bin/msgfmt'
MSGFMT_OPTS='-c'
MSGMERGE='/usr/bin/msgmerge'
MYSTRUCK_CFLAGS='-I/usr/local/opencv/include/opencv -I/usr/local/opencv/include  '
MYSTRUCK_LIBS='-L/usr/local/opencv/lib -lopencv_calib3d -lopencv_contrib -lopencv_core -lopencv_features2d -lopencv_flann -lopencv_gpu -lopencv_highgui -lopencv_imgproc -lopencv_legacy -lopencv_ml -lopencv_nonfree -lopencv_objdetect -lopencv_ocl -lopencv_photo -lopencv_stitching -lopencv_superres -lopencv_ts -lopencv_video -lopencv_videostab -lrt -lpthread -lm -ldl  '
NM='/usr/bin/nm -B'
NMEDIT=''
OBJDUMP='objdump'
OBJEXT='o'
OTOOL64=''
OTOOL=''
PACKAGE='mystruck'
PACKAGE_BUGREPORT=''
PACKAGE_NAME='mystruck'
PACKAGE_STRING='mystruck 0.1'
PACKAGE_TARNAME='mystruck'
PACKAGE_URL=''
PACKAGE_VERSION='0.1'
PATH_SEPARATOR=':'
PKG_CONFIG='/usr/bin/pkg-config'
PKG_CONFIG_LIBDIR=''
PKG_CONFIG_PATH=':/usr/local/opencv/lib/pkgconfig'
POFILES=''
POSUB='po'
PO_IN_DATADIR_FALSE=''
PO_IN_DATADIR_TRUE=''
RANLIB='ranlib'
SED='/bin/sed'
SET_MAKE=''
SHELL='/bin/bash'
STRIP='strip'
USE_NLS='yes'
VERSION='0.1'
XGETTEXT='/usr/bin/xgettext'
ac_ct_AR='ar'
ac_ct_CC='gcc'
ac_ct_CXX='g++'
ac_ct_DUMPBIN=''
am__EXEEXT_FALSE=''
am__EXEEXT_TRUE='#'
am__fastdepCC_FALSE='#'
am__fastdepCC_TRUE=''
am__fastdepCXX_FALSE='#'
am__fastdepCXX_TRUE=''
am__include='include'
am__isrc=''
am__leading_dot='.'
am__nodep='_no'
am__quote=''
am__tar='$${TAR-tar} chof - "$$tardir"'
am__untar='$${TAR-tar} xf -'
bindir='${exec_prefix}/bin'
build='x86_64-unknown-linux-gnu'
build_alias=''
build_cpu='x86_64'
build_os='linux-gnu'
build_vendor='unknown'
datadir='${datarootdir}'
datarootdir='${prefix}/share'
docdir='${datarootdir}/doc/${PACKAGE_TARNAME}'
dvidir='${docdir}'
exec_prefix='${prefix}'
host='x86_64-unknown-linux-gnu'
host_alias=''
host_cpu='x86_64'
host_os='linux-gnu'
host_vendor='unknown'
htmldir='${docdir}'
includedir='${prefix}/include'
infodir='${datarootdir}/info'
install_sh='${SHELL} /home/lzjqsdd/github/MLCode/cv/Tracking/mystruck/install-sh'
intltool__v_merge_options_0='-q'
intltool__v_merge_options_='$(intltool__v_merge_options_$(AM_DEFAULT_VERBOSITY))'
libdir='${exec_prefix}/lib'
libexecdir='${exec_prefix}/libexec'
localedir='${datarootdir}/locale'
localstatedir='${prefix}/var'
mandir='${datarootdir}/man'
mkdir_p='$(MKDIR_P)'
oldincludedir='/usr/include'
pdfdir='${docdir}'
prefix='/usr/local'
program_transform_name='s,x,x,'
psdir='${docdir}'
sbindir='${exec_prefix}/sbin'
sharedstatedir='${prefix}/com'
sysconfdir='${prefix}/etc'
target_alias=''

## ----------- ##
## confdefs.h. ##
## ----------- ##

/* confdefs.h */
#define PACKAGE_NAME "mystruck"
#define PACKAGE_TARNAME "mystruck"
#define PACKAGE_VERSION "0.1"
#define PACKAGE_STRING "mystruck 0.1"
#define PACKAGE_BUGREPORT ""
#define PACKAGE_URL ""
#define PACKAGE "mystruck"
#define VERSION "0.1"
#define GETTEXT_PACKAGE "mystruck"
#define STDC_HEADERS 1
#define HAVE_SYS_TYPES_H 1
#define HAVE_SYS_STAT_H 1
#define HAVE_STDLIB_H 1
#define HAVE_STRING_H 1
#define HAVE_MEMORY_H 1
#define HAVE_STRINGS_H 1
#define HAVE_INTTYPES_H 1
#define HAVE_STDINT_H 1
#define HAVE_UNISTD_H 1
#define HAVE_LOCALE_H 1
#define HAVE_LC_MESSAGES 1
#define HAVE_BIND_TEXTDOMAIN_CODESET 1
#define HAVE_GETTEXT 1
#define HAVE_DCGETTEXT 1
#define ENABLE_NLS 1
#define HAVE_DLFCN_H 1
#define LT_OBJDIR ".libs/"

configure: exit 0

## ---------------------- ##
## Running config.status. ##
## ---------------------- ##

This file was extended by mystruck config.status 0.1, which was
generated by GNU Autoconf 2.69.  Invocation command line was

  CONFIG_FILES    = 
  CONFIG_HEADERS  = 
  CONFIG_LINKS    = 
  CONFIG_COMMANDS = 
  $ ./config.status 

on lzjqsdd-Inspiron-N5110

config.status:1230: creating Makefile
config.status:1230: creating src/Makefile
config.status:1230: creating po/Makefile.in
config.status:1230: creating src/Eigen/Makefile
config.status:1230: creating config.h
config.status:1411: config.h is unchanged
config.status:1459: executing depfiles commands
config.status:1459: executing default-1 commands
config.status:1459: executing libtool commands
config.status:1459: executing po/stamp-it commands

## ---------------------- ##
## Running config.status. ##
## ---------------------- ##

This file was extended by mystruck config.status 0.1, which was
generated by GNU Autoconf 2.69.  Invocation command line was

  CONFIG_FILES    = 
  CONFIG_HEADERS  = 
  CONFIG_LINKS    = 
  CONFIG_COMMANDS = 
  $ ./config.status config.h

on lzjqsdd-Inspiron-N5110

config.status:1230: creating config.h
config.status:1411: config.h is unchanged
